<?xml version="1.0" encoding="UTF-8"?>
<!-- Generated by org.testng.reporters.JUnitXMLReporter -->
<testsuite hostname="LAPTOP-BUJ6DFDF" ignored="1" name="Test_chrome" tests="1" failures="0" timestamp="28 May 2020 15:18:28 GMT" time="39.107" errors="0">
  <testcase name="max" time="2.026" classname="com.Fareye.main.ChromeIntialise"/>
  <testcase name="@BeforeSuite InitProperties" time="0.0" classname="com.Fareye.main.BaseClass">
    <ignored/>
  </testcase> <!-- @BeforeSuite InitProperties -->
</testsuite> <!-- Test_chrome -->
